<?xml version="1.0" encoding="UTF-8"?>
<testng-results ignored="0" total="1" passed="1" failed="0" skipped="0">
  <reporter-output>
    <line>
      <![CDATA[TC testMessage Execution started]]>
    </line>
    <line>
      <![CDATA[TC testMessage Execution successful]]>
    </line>
  </reporter-output>
  <suite started-at="2024-05-09T22:42:19 IST" name="Default Suite" finished-at="2024-05-09T22:42:41 IST" duration-ms="22290">
    <groups>
    </groups>
    <test started-at="2024-05-09T22:42:19 IST" name="appium-demo" finished-at="2024-05-09T22:42:41 IST" duration-ms="22290">
      <class name="org.ref_app_bp_test.Ref_tappp_01_Verify_show_hide_panel_working">
        <test-method is-config="true" signature="configureAppium()[pri:0, instance:org.ref_app_bp_test.Ref_tappp_01_Verify_show_hide_panel_working@229d10bd]" started-at="2024-05-09T22:42:19 IST" name="configureAppium" finished-at="2024-05-09T22:42:24 IST" duration-ms="5676" status="PASS">
          <reporter-output>
          </reporter-output>
        </test-method> <!-- configureAppium -->
        <test-method is-config="true" signature="setupClass()[pri:0, instance:org.ref_app_bp_test.Ref_tappp_01_Verify_show_hide_panel_working@229d10bd]" started-at="2024-05-09T22:42:24 IST" name="setupClass" finished-at="2024-05-09T22:42:31 IST" duration-ms="6607" status="PASS">
          <reporter-output>
          </reporter-output>
        </test-method> <!-- setupClass -->
        <test-method signature="testMessage()[pri:0, instance:org.ref_app_bp_test.Ref_tappp_01_Verify_show_hide_panel_working@229d10bd]" started-at="2024-05-09T22:42:31 IST" name="testMessage" finished-at="2024-05-09T22:42:41 IST" duration-ms="9828" status="PASS">
          <reporter-output>
            <line>
              <![CDATA[TC testMessage Execution started]]>
            </line>
            <line>
              <![CDATA[TC testMessage Execution successful]]>
            </line>
          </reporter-output>
        </test-method> <!-- testMessage -->
        <test-method is-config="true" signature="teardownClass()[pri:0, instance:org.ref_app_bp_test.Ref_tappp_01_Verify_show_hide_panel_working@229d10bd]" started-at="2024-05-09T22:42:41 IST" name="teardownClass" finished-at="2024-05-09T22:42:41 IST" duration-ms="154" status="PASS">
          <reporter-output>
          </reporter-output>
        </test-method> <!-- teardownClass -->
        <test-method is-config="true" signature="tearDown()[pri:0, instance:org.ref_app_bp_test.Ref_tappp_01_Verify_show_hide_panel_working@229d10bd]" started-at="2024-05-09T22:42:41 IST" name="tearDown" finished-at="2024-05-09T22:42:41 IST" duration-ms="0" status="PASS">
          <reporter-output>
          </reporter-output>
        </test-method> <!-- tearDown -->
      </class> <!-- org.ref_app_bp_test.Ref_tappp_01_Verify_show_hide_panel_working -->
    </test> <!-- appium-demo -->
  </suite> <!-- Default Suite -->
</testng-results>
